#
# There is insufficient memory for the Java Runtime Environment to continue.
# Native memory allocation (malloc) failed to allocate 58576 bytes for Chunk::new
# Possible reasons:
#   The system is out of physical RAM or swap space
#   In 32 bit mode, the process size limit was hit
# Possible solutions:
#   Reduce memory load on the system
#   Increase physical memory or swap space
#   Check if swap backing store is full
#   Use 64 bit Java on a 64 bit OS
#   Decrease Java heap size (-Xmx/-Xms)
#   Decrease number of Java threads
#   Decrease Java thread stack sizes (-Xss)
#   Set larger code cache with -XX:ReservedCodeCacheSize=
# This output file may be truncated or incomplete.
#
#  Out of Memory Error (allocation.cpp:390), pid=11212, tid=10520
#
# JRE version: Java(TM) SE Runtime Environment (8.0_65-b17) (build 1.8.0_65-b17)
# Java VM: Java HotSpot(TM) 64-Bit Server VM (25.65-b01 mixed mode windows-amd64 compressed oops)
# Failed to write core dump. Minidumps are not enabled by default on client versions of Windows
#

---------------  T H R E A D  ---------------

Current thread (0x00000000578a5800):  JavaThread "C2 CompilerThread2" daemon [_thread_in_native, id=10520, stack(0x0000000058d40000,0x0000000058e40000)]

Stack: [0x0000000058d40000,0x0000000058e40000]
[error occurred during error reporting (printing stack bounds), id 0xc0000005]

Native frames: (J=compiled Java code, j=interpreted, Vv=VM code, C=native code)


Current CompileTask:
C2:  33859 5085   !   4       java.util.zip.ZipFile::getInputStream (304 bytes)


---------------  P R O C E S S  ---------------

Java Threads: ( => current thread )
  0x0000000057973800 JavaThread "Monitor Ctrl-Break" daemon [_thread_in_native, id=6096, stack(0x0000000059ae0000,0x0000000059be0000)]
  0x0000000057942000 JavaThread "Service Thread" daemon [_thread_blocked, id=11016, stack(0x0000000059520000,0x0000000059620000)]
  0x00000000578a6800 JavaThread "C1 CompilerThread3" daemon [_thread_blocked, id=10744, stack(0x0000000059670000,0x0000000059770000)]
=>0x00000000578a5800 JavaThread "C2 CompilerThread2" daemon [_thread_in_native, id=10520, stack(0x0000000058d40000,0x0000000058e40000)]
  0x00000000578a4800 JavaThread "C2 CompilerThread1" daemon [_thread_in_vm, id=9088, stack(0x0000000059390000,0x0000000059490000)]
  0x00000000578af000 JavaThread "C2 CompilerThread0" daemon [_thread_in_native, id=1204, stack(0x0000000059280000,0x0000000059380000)]
  0x00000000578ae000 JavaThread "Attach Listener" daemon [_thread_blocked, id=5228, stack(0x00000000590f0000,0x00000000591f0000)]
  0x00000000578ad000 JavaThread "Signal Dispatcher" daemon [_thread_blocked, id=2148, stack(0x0000000058f20000,0x0000000059020000)]
  0x00000000568fe000 JavaThread "Finalizer" daemon [_thread_blocked, id=10732, stack(0x0000000058c40000,0x0000000058d40000)]
  0x00000000568f7000 JavaThread "Reference Handler" daemon [_thread_blocked, id=9416, stack(0x0000000058a70000,0x0000000058b70000)]
  0x000000000230f000 JavaThread "main" [_thread_in_native, id=11044, stack(0x0000000002450000,0x0000000002550000)]

Other Threads:
  0x0000000057852800 VMThread [stack: 0x0000000058830000,0x0000000058930000] [id=10288]
  0x0000000057918800 WatcherThread [stack: 0x00000000597b0000,0x00000000598b0000] [id=9504]

VM state:not at safepoint (normal execution)

VM Mutex/Monitor currently owned by a thread: None

Heap:
 PSYoungGen      total 210944K, used 24856K [0x00000000e0180000, 0x00000000ee980000, 0x0000000100000000)
  eden space 193536K, 4% used [0x00000000e0180000,0x00000000e0ade6a8,0x00000000ebe80000)
  from space 17408K, 87% used [0x00000000ed280000,0x00000000ee167a90,0x00000000ee380000)
  to   space 20480K, 0% used [0x00000000ebe80000,0x00000000ebe80000,0x00000000ed280000)
 ParOldGen       total 81920K, used 34085K [0x00000000a0400000, 0x00000000a5400000, 0x00000000e0180000)
  object space 81920K, 41% used [0x00000000a0400000,0x00000000a25497a8,0x00000000a5400000)
 Metaspace       used 28711K, capacity 29702K, committed 29824K, reserved 1075200K
  class space    used 3525K, capacity 3892K, committed 3968K, reserved 1048576K

Card table byte_map: [0x0000000011be0000,0x0000000011ee0000] byte_map_base: 0x00000000116de000

Marking Bits: (ParMarkBitMap*) 0x000000005ff8a5b0
 Begin Bits: [0x0000000012c30000, 0x0000000014420000)
 End Bits:   [0x0000000014420000, 0x0000000015c10000)

Polling page: 0x0000000000340000

CodeCache: size=245760Kb used=16142Kb max_used=16154Kb free=229617Kb
 bounds [0x0000000002820000, 0x0000000003800000, 0x0000000011820000]
 total_blobs=4745 nmethods=4339 adapters=319
 compilation: enabled

Compilation events (10 events):
Event: 33.715 Thread 0x00000000578a6800 nmethod 5084 0x00000000037e9c50 code [0x00000000037e9de0, 0x00000000037ea1d8]
Event: 33.761 Thread 0x00000000578a5800 5085   !   4       java.util.zip.ZipFile::getInputStream (304 bytes)
Event: 33.763 Thread 0x00000000578a4800 5086   !   4       java.util.zip.ZipFile::getInflater (56 bytes)
Event: 33.780 Thread 0x00000000578a4800 nmethod 5086 0x00000000034bbf10 code [0x00000000034bc0a0, 0x00000000034bc868]
Event: 33.783 Thread 0x00000000578af000 5087 %     4       org.objectweb.asm.ClassReader::<init> @ 72 (257 bytes)
Event: 33.803 Thread 0x00000000578af000 nmethod 5087% 0x00000000037f3b90 code [0x00000000037f3f20, 0x00000000037f4438]
Event: 33.820 Thread 0x00000000578a4800 5088       4       org.objectweb.asm.ClassReader::<init> (257 bytes)
Event: 33.835 Thread 0x00000000578a4800 nmethod 5088 0x00000000037f4bd0 code [0x00000000037f4e00, 0x00000000037f5218]
Event: 33.842 Thread 0x00000000578af000 5089       4       java.util.WeakHashMap$EntryIterator::next (5 bytes)
Event: 33.842 Thread 0x00000000578a4800 5090       4       java.util.WeakHashMap$HashIterator::nextEntry (81 bytes)

GC Heap History (10 events):
Event: 9.419 GC heap before
{Heap before GC invocations=5 (full 0):
 PSYoungGen      total 102400K, used 102384K [0x00000000e0180000, 0x00000000e6980000, 0x0000000100000000)
  eden space 98304K, 100% used [0x00000000e0180000,0x00000000e6180000,0x00000000e6180000)
  from space 4096K, 99% used [0x00000000e6580000,0x00000000e697c010,0x00000000e6980000)
  to   space 4096K, 0% used [0x00000000e6180000,0x00000000e6180000,0x00000000e6580000)
 ParOldGen       total 65536K, used 13513K [0x00000000a0400000, 0x00000000a4400000, 0x00000000e0180000)
  object space 65536K, 20% used [0x00000000a0400000,0x00000000a1132470,0x00000000a4400000)
 Metaspace       used 18834K, capacity 19294K, committed 19456K, reserved 1067008K
  class space    used 2282K, capacity 2472K, committed 2560K, reserved 1048576K
Event: 9.511 GC heap after
Heap after GC invocations=5 (full 0):
 PSYoungGen      total 102400K, used 4064K [0x00000000e0180000, 0x00000000ee380000, 0x0000000100000000)
  eden space 98304K, 0% used [0x00000000e0180000,0x00000000e0180000,0x00000000e6180000)
  from space 4096K, 99% used [0x00000000e6180000,0x00000000e6578020,0x00000000e6580000)
  to   space 17408K, 0% used [0x00000000ed280000,0x00000000ed280000,0x00000000ee380000)
 ParOldGen       total 65536K, used 25488K [0x00000000a0400000, 0x00000000a4400000, 0x00000000e0180000)
  object space 65536K, 38% used [0x00000000a0400000,0x00000000a1ce4268,0x00000000a4400000)
 Metaspace       used 18834K, capacity 19294K, committed 19456K, reserved 1067008K
  class space    used 2282K, capacity 2472K, committed 2560K, reserved 1048576K
}
Event: 10.784 GC heap before
{Heap before GC invocations=6 (full 0):
 PSYoungGen      total 102400K, used 102368K [0x00000000e0180000, 0x00000000ee380000, 0x0000000100000000)
  eden space 98304K, 100% used [0x00000000e0180000,0x00000000e6180000,0x00000000e6180000)
  from space 4096K, 99% used [0x00000000e6180000,0x00000000e6578020,0x00000000e6580000)
  to   space 17408K, 0% used [0x00000000ed280000,0x00000000ed280000,0x00000000ee380000)
 ParOldGen       total 65536K, used 25488K [0x00000000a0400000, 0x00000000a4400000, 0x00000000e0180000)
  object space 65536K, 38% used [0x00000000a0400000,0x00000000a1ce4268,0x00000000a4400000)
 Metaspace       used 19042K, capacity 19486K, committed 19712K, reserved 1067008K
  class space    used 2285K, capacity 2472K, committed 2560K, reserved 1048576K
Event: 10.897 GC heap after
Heap after GC invocations=6 (full 0):
 PSYoungGen      total 210944K, used 17376K [0x00000000e0180000, 0x00000000ee980000, 0x0000000100000000)
  eden space 193536K, 0% used [0x00000000e0180000,0x00000000e0180000,0x00000000ebe80000)
  from space 17408K, 99% used [0x00000000ed280000,0x00000000ee378000,0x00000000ee380000)
  to   space 20480K, 0% used [0x00000000ebe80000,0x00000000ebe80000,0x00000000ed280000)
 ParOldGen       total 65536K, used 25496K [0x00000000a0400000, 0x00000000a4400000, 0x00000000e0180000)
  object space 65536K, 38% used [0x00000000a0400000,0x00000000a1ce6268,0x00000000a4400000)
 Metaspace       used 19042K, capacity 19486K, committed 19712K, reserved 1067008K
  class space    used 2285K, capacity 2472K, committed 2560K, reserved 1048576K
}
Event: 18.551 GC heap before
{Heap before GC invocations=7 (full 0):
 PSYoungGen      total 210944K, used 167750K [0x00000000e0180000, 0x00000000ee980000, 0x0000000100000000)
  eden space 193536K, 77% used [0x00000000e0180000,0x00000000e9459888,0x00000000ebe80000)
  from space 17408K, 99% used [0x00000000ed280000,0x00000000ee378000,0x00000000ee380000)
  to   space 20480K, 0% used [0x00000000ebe80000,0x00000000ebe80000,0x00000000ed280000)
 ParOldGen       total 65536K, used 25496K [0x00000000a0400000, 0x00000000a4400000, 0x00000000e0180000)
  object space 65536K, 38% used [0x00000000a0400000,0x00000000a1ce6268,0x00000000a4400000)
 Metaspace       used 20619K, capacity 21110K, committed 21248K, reserved 1067008K
  class space    used 2496K, capacity 2714K, committed 2816K, reserved 1048576K
Event: 18.686 GC heap after
Heap after GC invocations=7 (full 0):
 PSYoungGen      total 214016K, used 20464K [0x00000000e0180000, 0x00000000ee980000, 0x0000000100000000)
  eden space 193536K, 0% used [0x00000000e0180000,0x00000000e0180000,0x00000000ebe80000)
  from space 20480K, 99% used [0x00000000ebe80000,0x00000000ed27c010,0x00000000ed280000)
  to   space 17408K, 0% used [0x00000000ed280000,0x00000000ed280000,0x00000000ee380000)
 ParOldGen       total 65536K, used 37530K [0x00000000a0400000, 0x00000000a4400000, 0x00000000e0180000)
  object space 65536K, 57% used [0x00000000a0400000,0x00000000a28a6af8,0x00000000a4400000)
 Metaspace       used 20619K, capacity 21110K, committed 21248K, reserved 1067008K
  class space    used 2496K, capacity 2714K, committed 2816K, reserved 1048576K
}
Event: 18.686 GC heap before
{Heap before GC invocations=8 (full 1):
 PSYoungGen      total 214016K, used 20464K [0x00000000e0180000, 0x00000000ee980000, 0x0000000100000000)
  eden space 193536K, 0% used [0x00000000e0180000,0x00000000e0180000,0x00000000ebe80000)
  from space 20480K, 99% used [0x00000000ebe80000,0x00000000ed27c010,0x00000000ed280000)
  to   space 17408K, 0% used [0x00000000ed280000,0x00000000ed280000,0x00000000ee380000)
 ParOldGen       total 65536K, used 37530K [0x00000000a0400000, 0x00000000a4400000, 0x00000000e0180000)
  object space 65536K, 57% used [0x00000000a0400000,0x00000000a28a6af8,0x00000000a4400000)
 Metaspace       used 20619K, capacity 21110K, committed 21248K, reserved 1067008K
  class space    used 2496K, capacity 2714K, committed 2816K, reserved 1048576K
Event: 19.011 GC heap after
Heap after GC invocations=8 (full 1):
 PSYoungGen      total 214016K, used 0K [0x00000000e0180000, 0x00000000ee980000, 0x0000000100000000)
  eden space 193536K, 0% used [0x00000000e0180000,0x00000000e0180000,0x00000000ebe80000)
  from space 20480K, 0% used [0x00000000ebe80000,0x00000000ebe80000,0x00000000ed280000)
  to   space 17408K, 0% used [0x00000000ed280000,0x00000000ed280000,0x00000000ee380000)
 ParOldGen       total 81920K, used 34077K [0x00000000a0400000, 0x00000000a5400000, 0x00000000e0180000)
  object space 81920K, 41% used [0x00000000a0400000,0x00000000a25477a8,0x00000000a5400000)
 Metaspace       used 20619K, capacity 21110K, committed 21248K, reserved 1067008K
  class space    used 2496K, capacity 2714K, committed 2816K, reserved 1048576K
}
Event: 33.293 GC heap before
{Heap before GC invocations=9 (full 1):
 PSYoungGen      total 214016K, used 193536K [0x00000000e0180000, 0x00000000ee980000, 0x0000000100000000)
  eden space 193536K, 100% used [0x00000000e0180000,0x00000000ebe80000,0x00000000ebe80000)
  from space 20480K, 0% used [0x00000000ebe80000,0x00000000ebe80000,0x00000000ed280000)
  to   space 17408K, 0% used [0x00000000ed280000,0x00000000ed280000,0x00000000ee380000)
 ParOldGen       total 81920K, used 34077K [0x00000000a0400000, 0x00000000a5400000, 0x00000000e0180000)
  object space 81920K, 41% used [0x00000000a0400000,0x00000000a25477a8,0x00000000a5400000)
 Metaspace       used 28540K, capacity 29542K, committed 29824K, reserved 1075200K
  class space    used 3511K, capacity 3860K, committed 3968K, reserved 1048576K
Event: 33.324 GC heap after
Heap after GC invocations=9 (full 1):
 PSYoungGen      total 210944K, used 15262K [0x00000000e0180000, 0x00000000ee980000, 0x0000000100000000)
  eden space 193536K, 0% used [0x00000000e0180000,0x00000000e0180000,0x00000000ebe80000)
  from space 17408K, 87% used [0x00000000ed280000,0x00000000ee167a90,0x00000000ee380000)
  to   space 20480K, 0% used [0x00000000ebe80000,0x00000000ebe80000,0x00000000ed280000)
 ParOldGen       total 81920K, used 34085K [0x00000000a0400000, 0x00000000a5400000, 0x00000000e0180000)
  object space 81920K, 41% used [0x00000000a0400000,0x00000000a25497a8,0x00000000a5400000)
 Metaspace       used 28540K, capacity 29542K, committed 29824K, reserved 1075200K
  class space    used 3511K, capacity 3860K, committed 3968K, reserved 1048576K
}

Deoptimization events (10 events):
Event: 31.885 Thread 0x000000000230f000 Uncommon trap: reason=class_check action=maybe_recompile pc=0x00000000032bbbb4 method=java.util.AbstractList$Itr.next()Ljava/lang/Object; @ 14
Event: 31.981 Thread 0x000000000230f000 Uncommon trap: reason=bimorphic action=maybe_recompile pc=0x0000000002e1b6b4 method=java.util.regex.Pattern$Begin.match(Ljava/util/regex/Matcher;ILjava/lang/CharSequence;)Z @ 30
Event: 31.981 Thread 0x000000000230f000 Uncommon trap: reason=bimorphic action=maybe_recompile pc=0x0000000002e1b6b4 method=java.util.regex.Pattern$Begin.match(Ljava/util/regex/Matcher;ILjava/lang/CharSequence;)Z @ 30
Event: 31.981 Thread 0x000000000230f000 Uncommon trap: reason=bimorphic action=maybe_recompile pc=0x0000000002e1b6b4 method=java.util.regex.Pattern$Begin.match(Ljava/util/regex/Matcher;ILjava/lang/CharSequence;)Z @ 30
Event: 31.981 Thread 0x000000000230f000 Uncommon trap: reason=bimorphic action=maybe_recompile pc=0x0000000002e1b6b4 method=java.util.regex.Pattern$Begin.match(Ljava/util/regex/Matcher;ILjava/lang/CharSequence;)Z @ 30
Event: 33.381 Thread 0x000000000230f000 Uncommon trap: reason=bimorphic action=maybe_recompile pc=0x0000000002f25a30 method=java.util.regex.Pattern$5.isSatisfiedBy(I)Z @ 5
Event: 33.381 Thread 0x000000000230f000 Uncommon trap: reason=bimorphic action=maybe_recompile pc=0x0000000002f25a30 method=java.util.regex.Pattern$5.isSatisfiedBy(I)Z @ 5
Event: 33.381 Thread 0x000000000230f000 Uncommon trap: reason=bimorphic action=maybe_recompile pc=0x0000000002f25a30 method=java.util.regex.Pattern$5.isSatisfiedBy(I)Z @ 5
Event: 33.381 Thread 0x000000000230f000 Uncommon trap: reason=bimorphic action=maybe_recompile pc=0x0000000002f25a30 method=java.util.regex.Pattern$5.isSatisfiedBy(I)Z @ 5
Event: 33.501 Thread 0x000000000230f000 Uncommon trap: reason=unstable_if action=reinterpret pc=0x000000000378dcd8 method=java.util.regex.Pattern$Begin.match(Ljava/util/regex/Matcher;ILjava/lang/CharSequence;)Z @ 33

Internal exceptions (10 events):
Event: 31.511 Thread 0x000000000230f000 Exception <a 'java/io/FileNotFoundException'> (0x00000000ea334f18) thrown at [C:\workspace\8-2-build-windows-amd64-cygwin\jdk8u65\4987\hotspot\src\share\vm\prims\jni.cpp, line 709]
Event: 31.536 Thread 0x000000000230f000 Exception <a 'java/io/FileNotFoundException'> (0x00000000ea34cec8) thrown at [C:\workspace\8-2-build-windows-amd64-cygwin\jdk8u65\4987\hotspot\src\share\vm\prims\jni.cpp, line 709]
Event: 31.572 Thread 0x000000000230f000 Exception <a 'java/io/FileNotFoundException'> (0x00000000ea39cfa0) thrown at [C:\workspace\8-2-build-windows-amd64-cygwin\jdk8u65\4987\hotspot\src\share\vm\prims\jni.cpp, line 709]
Event: 31.615 Thread 0x000000000230f000 Exception <a 'java/io/FileNotFoundException'> (0x00000000ea3caec8) thrown at [C:\workspace\8-2-build-windows-amd64-cygwin\jdk8u65\4987\hotspot\src\share\vm\prims\jni.cpp, line 709]
Event: 31.645 Thread 0x000000000230f000 NullPointerException at vtable entry 0x000000000293a410
Event: 31.645 Thread 0x000000000230f000 Exception <a 'java/lang/NullPointerException'> (0x00000000ea412a28) thrown at [C:\workspace\8-2-build-windows-amd64-cygwin\jdk8u65\4987\hotspot\src\share\vm\runtime\sharedRuntime.cpp, line 605]
Event: 31.645 Thread 0x000000000230f000 NullPointerException at vtable entry 0x000000000293a410
Event: 31.645 Thread 0x000000000230f000 Exception <a 'java/lang/NullPointerException'> (0x00000000ea413390) thrown at [C:\workspace\8-2-build-windows-amd64-cygwin\jdk8u65\4987\hotspot\src\share\vm\runtime\sharedRuntime.cpp, line 605]
Event: 31.822 Thread 0x000000000230f000 Exception <a 'java/lang/ClassNotFoundException': sun/net/www/protocol/h/Handler> (0x00000000ea7de138) thrown at [C:\workspace\8-2-build-windows-amd64-cygwin\jdk8u65\4987\hotspot\src\share\vm\classfile\systemDictionary.cpp, line 210]
Event: 33.841 Thread 0x000000000230f000 Exception <a 'java/lang/OutOfMemoryError'> (0x00000000e09c8700) thrown at [C:\workspace\8-2-build-windows-amd64-cygwin\jdk8u65\4987\hotspot\src\share\vm\prims\jni.cpp, line 735]

Events (10 events):
Event: 33.472 Thread 0x00000000578a6800 flushing nmethod 0x000000000305bb90
Event: 33.478 Thread 0x00000000578a6800 flushing nmethod 0x0000000003112490
Event: 33.499 Thread 0x00000000578a6800 flushing nmethod 0x00000000034bb190
Event: 33.501 Thread 0x000000000230f000 Uncommon trap: trap_request=0xffffff65 fr.pc=0x000000000378dcd8
Event: 33.501 Thread 0x000000000230f000 DEOPT PACKING pc=0x000000000378dcd8 sp=0x000000000254d4a0
Event: 33.501 Thread 0x000000000230f000 DEOPT UNPACKING pc=0x000000000286582a sp=0x000000000254d430 mode 2
Event: 33.820 Thread 0x000000000230f000 DEOPT PACKING pc=0x0000000002fc4a67 sp=0x000000000254d3a0
Event: 33.820 Thread 0x000000000230f000 DEOPT UNPACKING pc=0x000000000286747f sp=0x000000000254d0b8 mode 0
Event: 33.841 loading class java/util/zip/DataFormatException
Event: 33.841 loading class java/util/zip/DataFormatException done


Dynamic libraries:
0x000000013fe90000 - 0x000000013fec7000 	C:\Program Files\Java\jdk1.8.0_65\bin\java.exe
0x0000000077850000 - 0x00000000779fa000 	C:\Windows\SYSTEM32\ntdll.dll
0x0000000077630000 - 0x000000007774f000 	C:\Windows\system32\kernel32.dll
0x000007fefd710000 - 0x000007fefd77a000 	C:\Windows\system32\KERNELBASE.dll
0x000007feff240000 - 0x000007feff31b000 	C:\Windows\system32\ADVAPI32.dll
0x000007feff640000 - 0x000007feff6df000 	C:\Windows\system32\msvcrt.dll
0x000007feff320000 - 0x000007feff33f000 	C:\Windows\SYSTEM32\sechost.dll
0x000007fefee10000 - 0x000007fefef3d000 	C:\Windows\system32\RPCRT4.dll
0x0000000077750000 - 0x000000007784a000 	C:\Windows\system32\USER32.dll
0x000007fefe890000 - 0x000007fefe8f7000 	C:\Windows\system32\GDI32.dll
0x000007fefe880000 - 0x000007fefe88e000 	C:\Windows\system32\LPK.dll
0x000007fefd940000 - 0x000007fefda0a000 	C:\Windows\system32\USP10.dll
0x000007fefb960000 - 0x000007fefbb54000 	C:\Windows\WinSxS\amd64_microsoft.windows.common-controls_6595b64144ccf1df_6.0.7601.18837_none_fa3b1e3d17594757\COMCTL32.dll
0x000007fefe900000 - 0x000007fefe971000 	C:\Windows\system32\SHLWAPI.dll
0x000007fefec50000 - 0x000007fefec7e000 	C:\Windows\system32\IMM32.DLL
0x000007feffa50000 - 0x000007feffb59000 	C:\Windows\system32\MSCTF.dll
0x000000005bea0000 - 0x000000005bf72000 	C:\Program Files\Java\jdk1.8.0_65\jre\bin\msvcr100.dll
0x000000005f780000 - 0x0000000060009000 	C:\Program Files\Java\jdk1.8.0_65\jre\bin\server\jvm.dll
0x000007fefa130000 - 0x000007fefa139000 	C:\Windows\system32\WSOCK32.dll
0x000007feff1f0000 - 0x000007feff23d000 	C:\Windows\system32\WS2_32.dll
0x000007feffa20000 - 0x000007feffa28000 	C:\Windows\system32\NSI.dll
0x000007fefb550000 - 0x000007fefb58b000 	C:\Windows\system32\WINMM.dll
0x000007fefc670000 - 0x000007fefc67c000 	C:\Windows\system32\VERSION.dll
0x0000000077a20000 - 0x0000000077a27000 	C:\Windows\system32\PSAPI.DLL
0x000000006e220000 - 0x000000006e22f000 	C:\Program Files\Java\jdk1.8.0_65\jre\bin\verify.dll
0x000000005f750000 - 0x000000005f779000 	C:\Program Files\Java\jdk1.8.0_65\jre\bin\java.dll
0x0000000061480000 - 0x0000000061496000 	C:\Program Files\Java\jdk1.8.0_65\jre\bin\zip.dll
0x000007fefda10000 - 0x000007fefe79a000 	C:\Windows\system32\SHELL32.dll
0x000007fefefe0000 - 0x000007feff1e3000 	C:\Windows\system32\ole32.dll
0x000007fefd580000 - 0x000007fefd58f000 	C:\Windows\system32\profapi.dll
0x000007fef7fa0000 - 0x000007fef7fb0000 	C:\Program Files (x86)\JetBrains\IntelliJ IDEA 162.2228.14\bin\breakgen64.dll
0x000000005f730000 - 0x000000005f74a000 	C:\Program Files\Java\jdk1.8.0_65\jre\bin\net.dll
0x000007fefcd40000 - 0x000007fefcd95000 	C:\Windows\system32\mswsock.dll
0x000007fefcfc0000 - 0x000007fefcfc7000 	C:\Windows\System32\wship6.dll
0x000000005f600000 - 0x000000005f624000 	C:\Program Files\Java\jdk1.8.0_65\jre\bin\sunec.dll
0x000007fefbfa0000 - 0x000007fefbfb5000 	C:\Windows\system32\NLAapi.dll
0x000007fef9f20000 - 0x000007fef9f35000 	C:\Windows\system32\napinsp.dll
0x000007fef9f00000 - 0x000007fef9f19000 	C:\Windows\system32\pnrpnsp.dll
0x000007fefcba0000 - 0x000007fefcbfb000 	C:\Windows\system32\DNSAPI.dll
0x000007fef9ef0000 - 0x000007fef9efb000 	C:\Windows\System32\winrnr.dll
0x0000000074c60000 - 0x0000000074c86000 	C:\Program Files\Bonjour\mdnsNSP.dll
0x000007fefabf0000 - 0x000007fefac17000 	C:\Windows\system32\Iphlpapi.DLL
0x000007fefabe0000 - 0x000007fefabeb000 	C:\Windows\system32\WINNSI.DLL
0x000007fef9ee0000 - 0x000007fef9ef0000 	C:\Windows\system32\wshbth.dll
0x000007fefc740000 - 0x000007fefc747000 	C:\Windows\System32\wshtcpip.dll
0x000007fefa110000 - 0x000007fefa118000 	C:\Windows\system32\rasadhlp.dll
0x000007fefaa70000 - 0x000007fefaac3000 	C:\Windows\System32\fwpuclnt.dll
0x000000005f710000 - 0x000000005f721000 	C:\Program Files\Java\jdk1.8.0_65\jre\bin\nio.dll
0x000007fefd3c0000 - 0x000007fefd417000 	C:\Windows\system32\apphelp.dll

VM Arguments:
jvm_args: -Dmaven.multiModuleProjectDirectory=H:\local-dev\led-config -Dmaven.home=H:\Program Files\apache-maven-3.3.9 -Dclassworlds.conf=H:\Program Files\apache-maven-3.3.9\bin\m2.conf -Didea.launcher.port=7534 -Didea.launcher.bin.path=C:\Program Files (x86)\JetBrains\IntelliJ IDEA 162.2228.14\bin -Dfile.encoding=UTF-8 
java_command: com.intellij.rt.execution.application.AppMain org.codehaus.classworlds.Launcher -Didea.version=2016.2.5 install
java_class_path (initial): H:\Program Files\apache-maven-3.3.9\boot\plexus-classworlds-2.5.2.jar;C:\Program Files (x86)\JetBrains\IntelliJ IDEA 162.2228.14\lib\idea_rt.jar
Launcher Type: SUN_STANDARD

Environment Variables:
JAVA_HOME=C:\Program Files\Java\jdk1.8.0_65
PATH=C:\ProgramData\Oracle\Java\javapath;C:\Windows\system32;C:\Windows;C:\Windows\System32\Wbem;C:\Windows\System32\WindowsPowerShell\v1.0\;C:\Program Files\WIDCOMM\Bluetooth Software\;C:\Program Files\WIDCOMM\Bluetooth Software\syswow64;C:\Program Files\Intel\WiFi\bin\;C:\Program Files\Common Files\Intel\WirelessCommon\;C:\Program Files (x86)\Common Files\Roxio Shared\10.0\DLLShared\;C:\Program Files (x86)\Common Files\Roxio Shared\DLLShared\;C:\Program Files\Java\jdk1.8.0_65\bin;H:\Program Files\cwRsync\bin;H:\Program Files\Apache Software Foundation\apache-maven-3.0.1\bin;H:\Bert\Projects\eclipse-java-indigo\spring-roo-1.1.5.RELEASE\bin;H:\Program Files\Mercurial\;H:\Program Files\git\Git\cmd;H:\Program Files\MySQL\MySQL Server 5.5\bin;H:\Program Files\nodejs\;H:\Program Files\sbt\\bin;H:\Program Files\Quicktime\QTSystem\;C:\Program Files (x86)\Skype\Phone\;H:\Program Files\Tortoise\bin;H:\Bert\Projects\Ruby193\bin;H:\Program Files\OpenVPN\bin; H:\Bert\Projects\eclipse-java-indigo\spring-roo-1.1.5.RELEASE\bin;C:\Users\bert\AppData\Roaming\npm;C:\Program Files\Docker Toolbox
USERNAME=bert
OS=Windows_NT
PROCESSOR_IDENTIFIER=Intel64 Family 6 Model 30 Stepping 5, GenuineIntel



---------------  S Y S T E M  ---------------

OS: Windows 7 , 64 bit Build 7601 (6.1.7601.23569)

CPU:total 8 (4 cores per cpu, 2 threads per core) family 6 model 30 stepping 5, cmov, cx8, fxsr, mmx, sse, sse2, sse3, ssse3, sse4.1, sse4.2, popcnt, ht, tsc, tscinvbit

Memory: 4k page, physical 6273096k(665664k free), swap 7612992k(15696k free)

vm_info: Java HotSpot(TM) 64-Bit Server VM (25.65-b01) for windows-amd64 JRE (1.8.0_65-b17), built on Oct  6 2015 16:39:20 by "java_re" with MS VC++ 10.0 (VS2010)

time: Wed Nov 23 20:11:39 2016
elapsed time: 33 seconds (0d 0h 0m 33s)

